TN:
SF:src/server.ts
FN:6,createServer
FN:12,(anonymous_2)
FN:21,(anonymous_3)
FN:37,(anonymous_4)
FNF:4
FNH:4
FNDA:2,createServer
FNDA:1,(anonymous_2)
FNDA:1,(anonymous_3)
FNDA:2,(anonymous_4)
DA:1,1
DA:2,1
DA:3,1
DA:4,1
DA:6,1
DA:8,2
DA:9,2
DA:12,2
DA:13,1
DA:21,2
DA:22,1
DA:31,2
DA:34,2
DA:37,2
DA:38,2
DA:46,2
DA:48,2
LF:17
LH:17
BRDA:16,0,0,1
BRDA:16,0,1,0
BRDA:26,1,0,1
BRDA:26,1,1,0
BRF:4
BRH:2
end_of_record
TN:
SF:src/cache/cacheManager.ts
FN:10,(anonymous_1)
FN:18,(anonymous_2)
FN:23,(anonymous_3)
FN:55,(anonymous_4)
FN:79,(anonymous_5)
FN:82,(anonymous_6)
FN:95,(anonymous_7)
FN:100,(anonymous_8)
FNF:8
FNH:8
FNDA:13,(anonymous_1)
FNDA:1,(anonymous_2)
FNDA:8,(anonymous_3)
FNDA:2,(anonymous_4)
FNDA:9,(anonymous_5)
FNDA:9,(anonymous_6)
FNDA:1,(anonymous_7)
FNDA:2,(anonymous_8)
DA:1,1
DA:2,1
DA:4,1
DA:6,1
DA:8,13
DA:11,13
DA:18,13
DA:19,1
DA:24,8
DA:25,8
DA:28,7
DA:31,7
DA:32,7
DA:33,2
DA:34,2
DA:36,2
DA:47,5
DA:50,1
DA:51,1
DA:60,2
DA:61,2
DA:63,2
DA:64,2
DA:71,2
DA:72,1
DA:75,1
DA:81,9
DA:82,9
DA:88,9
DA:92,9
DA:97,1
DA:101,2
DA:102,2
DA:103,1
DA:105,1
LF:35
LH:35
BRDA:12,0,0,13
BRDA:12,0,1,0
BRDA:13,1,0,13
BRDA:13,1,1,0
BRDA:32,2,0,2
BRDA:32,2,1,5
BRDA:39,3,0,2
BRDA:39,3,1,1
BRF:8
BRH:6
end_of_record
TN:
SF:src/config/agentConfig.ts
FN:87,(anonymous_0)
FN:89,(anonymous_1)
FN:93,(anonymous_2)
FN:113,(anonymous_3)
FN:132,(anonymous_4)
FN:138,(anonymous_5)
FN:142,(anonymous_6)
FN:146,(anonymous_7)
FN:175,(anonymous_8)
FN:180,(anonymous_9)
FN:206,(anonymous_10)
FN:226,(anonymous_11)
FN:261,(anonymous_12)
FN:277,(anonymous_13)
FN:288,(anonymous_14)
FN:294,(anonymous_15)
FN:298,(anonymous_16)
FN:302,(anonymous_17)
FN:327,(anonymous_18)
FN:335,(anonymous_19)
FN:338,(anonymous_20)
FN:345,(anonymous_21)
FN:353,(anonymous_22)
FN:360,(anonymous_23)
FNF:24
FNH:23
FNDA:59,(anonymous_0)
FNDA:2,(anonymous_1)
FNDA:48,(anonymous_2)
FNDA:3,(anonymous_3)
FNDA:1,(anonymous_4)
FNDA:41,(anonymous_5)
FNDA:1519,(anonymous_6)
FNDA:12,(anonymous_7)
FNDA:2,(anonymous_8)
FNDA:4,(anonymous_9)
FNDA:49,(anonymous_10)
FNDA:71,(anonymous_11)
FNDA:11,(anonymous_12)
FNDA:3,(anonymous_13)
FNDA:0,(anonymous_14)
FNDA:10,(anonymous_15)
FNDA:1,(anonymous_16)
FNDA:5,(anonymous_17)
FNDA:1,(anonymous_18)
FNDA:5,(anonymous_19)
FNDA:6,(anonymous_20)
FNDA:1,(anonymous_21)
FNDA:2,(anonymous_22)
FNDA:1,(anonymous_23)
DA:2,2
DA:40,2
DA:77,2
DA:78,59
DA:79,59
DA:80,59
DA:88,59
DA:89,2
DA:94,48
DA:95,48
DA:104,48
DA:105,48
DA:107,48
DA:114,3
DA:115,3
DA:116,1
DA:119,2
DA:128,2
DA:129,2
DA:133,1
DA:134,1
DA:135,1
DA:139,41
DA:143,1519
DA:151,12
DA:153,12
DA:154,1
DA:157,11
DA:158,4
DA:159,3
DA:160,2
DA:161,1
DA:164,7
DA:165,3
DA:166,2
DA:167,1
DA:170,4
DA:171,3
DA:172,1
DA:176,2
DA:177,2
DA:181,4
DA:183,4
DA:184,1
DA:187,3
DA:189,3
DA:190,1
DA:196,2
DA:197,1
DA:203,1
DA:207,49
DA:234,71
DA:235,71
DA:236,1
DA:237,1
DA:240,71
DA:241,71
DA:242,71
DA:243,71
DA:245,71
DA:250,71
DA:251,3
DA:252,3
DA:253,3
DA:258,71
DA:262,11
DA:263,11
DA:264,0
DA:265,0
DA:268,11
DA:269,11
DA:270,11
DA:272,11
DA:273,3
DA:278,3
DA:279,3
DA:281,3
DA:283,3
DA:284,3
DA:288,0
DA:295,10
DA:299,1
DA:308,5
DA:312,5
DA:313,5
DA:314,5
DA:316,5
DA:317,6
DA:318,6
DA:320,6
DA:321,7
DA:325,5
DA:326,5
DA:327,1
DA:330,5
DA:332,5
DA:333,3
DA:335,5
DA:336,3
DA:338,6
DA:339,2
DA:342,5
DA:346,1
DA:354,2
DA:356,2
DA:357,2
DA:359,2
DA:360,1
DA:366,2
DA:373,2
LF:110
LH:107
BRDA:88,0,0,1
BRDA:88,0,1,58
BRDA:94,1,0,48
BRDA:94,1,1,0
BRDA:115,2,0,1
BRDA:115,2,1,2
BRDA:139,3,0,41
BRDA:139,3,1,3
BRDA:153,4,0,1
BRDA:153,4,1,11
BRDA:153,5,0,12
BRDA:153,5,1,12
BRDA:157,6,0,4
BRDA:157,6,1,7
BRDA:158,7,0,1
BRDA:158,7,1,3
BRDA:159,8,0,1
BRDA:159,8,1,2
BRDA:160,9,0,1
BRDA:160,9,1,1
BRDA:164,10,0,3
BRDA:164,10,1,4
BRDA:165,11,0,1
BRDA:165,11,1,2
BRDA:166,12,0,1
BRDA:166,12,1,1
BRDA:170,13,0,1
BRDA:170,13,1,3
BRDA:171,14,0,2
BRDA:171,14,1,1
BRDA:183,15,0,1
BRDA:183,15,1,3
BRDA:187,16,0,3
BRDA:187,16,1,0
BRDA:189,17,0,1
BRDA:189,17,1,2
BRDA:189,18,0,3
BRDA:189,18,1,2
BRDA:196,19,0,1
BRDA:196,19,1,1
BRDA:196,20,0,2
BRDA:196,20,1,1
BRDA:235,21,0,1
BRDA:235,21,1,70
BRDA:250,22,0,3
BRDA:250,22,1,68
BRDA:252,23,0,3
BRDA:252,23,1,0
BRDA:254,24,0,3
BRDA:254,24,1,2
BRDA:263,25,0,0
BRDA:263,25,1,11
BRDA:269,26,0,11
BRDA:269,26,1,9
BRDA:272,27,0,3
BRDA:272,27,1,8
BRDA:279,28,0,0
BRDA:279,28,1,3
BRDA:283,29,0,3
BRDA:283,29,1,0
BRDA:308,30,0,4
BRDA:308,30,1,1
BRDA:321,31,0,7
BRDA:321,31,1,6
BRDA:325,32,0,5
BRDA:325,32,1,0
BRDA:332,33,0,3
BRDA:332,33,1,2
BRDA:335,34,0,3
BRDA:335,34,1,2
BRDA:338,35,0,2
BRDA:338,35,1,3
BRDA:356,36,0,2
BRDA:356,36,1,0
BRDA:359,37,0,1
BRDA:359,37,1,1
BRF:76
BRH:68
end_of_record
TN:
SF:src/cost/costTracker.ts
FN:85,(anonymous_0)
FN:90,(anonymous_1)
FN:102,(anonymous_2)
FN:106,(anonymous_3)
FN:139,(anonymous_4)
FN:143,(anonymous_5)
FN:145,(anonymous_6)
FN:166,(anonymous_7)
FN:193,(anonymous_8)
FN:202,(anonymous_9)
FN:213,(anonymous_10)
FN:230,(anonymous_11)
FN:280,(anonymous_12)
FN:284,(anonymous_13)
FN:305,(anonymous_14)
FN:308,(anonymous_15)
FN:309,(anonymous_16)
FN:312,(anonymous_17)
FN:313,(anonymous_18)
FN:318,(anonymous_19)
FN:325,(anonymous_20)
FN:339,(anonymous_21)
FN:341,(anonymous_22)
FN:344,(anonymous_23)
FN:348,(anonymous_24)
FN:352,(anonymous_25)
FN:353,(anonymous_26)
FN:354,(anonymous_27)
FN:363,(anonymous_28)
FN:367,(anonymous_29)
FN:371,(anonymous_30)
FN:380,(anonymous_31)
FNF:32
FNH:31
FNDA:62,(anonymous_0)
FNDA:723,(anonymous_1)
FNDA:358,(anonymous_2)
FNDA:357,(anonymous_3)
FNDA:357,(anonymous_4)
FNDA:12564,(anonymous_5)
FNDA:12564,(anonymous_6)
FNDA:357,(anonymous_7)
FNDA:6,(anonymous_8)
FNDA:2,(anonymous_9)
FNDA:9,(anonymous_10)
FNDA:18,(anonymous_11)
FNDA:3,(anonymous_12)
FNDA:56,(anonymous_13)
FNDA:392,(anonymous_14)
FNDA:55,(anonymous_15)
FNDA:55,(anonymous_16)
FNDA:14,(anonymous_17)
FNDA:14,(anonymous_18)
FNDA:6,(anonymous_19)
FNDA:14,(anonymous_20)
FNDA:9,(anonymous_21)
FNDA:0,(anonymous_22)
FNDA:1,(anonymous_23)
FNDA:4,(anonymous_24)
FNDA:3021,(anonymous_25)
FNDA:2,(anonymous_26)
FNDA:2,(anonymous_27)
FNDA:3,(anonymous_28)
FNDA:1,(anonymous_29)
FNDA:1,(anonymous_30)
FNDA:1,(anonymous_31)
DA:2,2
DA:60,2
DA:76,2
DA:78,2
DA:79,62
DA:80,62
DA:81,62
DA:86,62
DA:87,62
DA:95,723
DA:96,723
DA:103,358
DA:107,357
DA:108,357
DA:109,357
DA:110,357
DA:112,357
DA:120,357
DA:122,357
DA:123,5
DA:126,357
DA:127,357
DA:129,357
DA:136,357
DA:140,357
DA:141,357
DA:143,12564
DA:144,256
DA:145,12564
DA:148,256
DA:150,256
DA:151,3
DA:161,3
DA:162,3
DA:167,357
DA:168,357
DA:170,357
DA:171,26
DA:172,26
DA:175,357
DA:177,357
DA:178,1
DA:188,1
DA:189,1
DA:194,6
DA:195,6
DA:196,6
DA:203,2
DA:204,1
DA:205,1
DA:207,1
DA:208,2
DA:218,9
DA:219,9
DA:226,9
DA:227,9
DA:229,9
DA:230,18
DA:233,9
DA:236,9
DA:237,9
DA:239,9
DA:240,9
DA:241,9
DA:242,9
DA:244,9
DA:245,15
DA:246,15
DA:247,15
DA:248,15
DA:250,15
DA:251,15
DA:253,15
DA:254,15
DA:258,9
DA:259,9
DA:263,9
DA:281,3
DA:282,3
DA:284,56
DA:286,3
DA:287,1
DA:297,2
DA:298,2
DA:300,2
DA:301,14
DA:302,14
DA:304,14
DA:305,392
DA:308,55
DA:309,55
DA:312,14
DA:313,14
DA:315,2
DA:316,2
DA:317,2
DA:318,6
DA:320,2
DA:321,0
DA:324,2
DA:325,14
DA:327,2
DA:329,2
DA:340,9
DA:341,1
DA:345,1
DA:349,4
DA:353,3021
DA:354,3021
DA:355,3021
DA:357,3021
DA:364,3
DA:368,1
DA:372,1
DA:381,1
DA:382,1
DA:383,1
DA:387,2
LF:118
LH:117
BRDA:85,0,0,60
BRDA:86,1,0,62
BRDA:86,1,1,60
BRDA:87,2,0,62
BRDA:87,2,1,61
BRDA:95,3,0,723
BRDA:95,3,1,1
BRDA:110,4,0,357
BRDA:110,4,1,0
BRDA:122,5,0,5
BRDA:122,5,1,352
BRDA:141,6,0,101
BRDA:141,6,1,256
BRDA:148,7,0,252
BRDA:148,7,1,4
BRDA:150,8,0,3
BRDA:150,8,1,253
BRDA:154,9,0,3
BRDA:154,9,1,0
BRDA:155,10,0,3
BRDA:155,10,1,0
BRDA:167,11,0,357
BRDA:167,11,1,335
BRDA:170,12,0,26
BRDA:170,12,1,331
BRDA:177,13,0,1
BRDA:177,13,1,356
BRDA:177,14,0,357
BRDA:177,14,1,3
BRDA:180,15,0,1
BRDA:180,15,1,0
BRDA:181,16,0,1
BRDA:181,16,1,0
BRDA:182,17,0,1
BRDA:182,17,1,0
BRDA:194,18,0,6
BRDA:194,18,1,0
BRDA:198,19,0,6
BRDA:198,19,1,6
BRDA:203,20,0,1
BRDA:203,20,1,1
BRDA:205,21,0,1
BRDA:205,21,1,0
BRDA:226,22,0,9
BRDA:226,22,1,8
BRDA:227,23,0,9
BRDA:227,23,1,9
BRDA:230,24,0,18
BRDA:230,24,1,15
BRDA:251,25,0,15
BRDA:251,25,1,15
BRDA:253,26,0,15
BRDA:253,26,1,0
BRDA:254,27,0,15
BRDA:254,27,1,10
BRDA:259,28,0,5
BRDA:259,28,1,4
BRDA:280,29,0,0
BRDA:286,30,0,1
BRDA:286,30,1,2
BRDA:305,31,0,392
BRDA:305,31,1,235
BRDA:316,32,0,2
BRDA:316,32,1,0
BRDA:320,33,0,2
BRDA:320,33,1,0
BRDA:321,34,0,0
BRDA:321,34,1,0
BRDA:327,35,0,2
BRDA:327,35,1,0
BRDA:340,36,0,8
BRDA:340,36,1,1
BRDA:348,37,0,1
BRDA:359,38,0,1
BRDA:359,38,1,3020
BRF:75
BRH:60
end_of_record
TN:
SF:src/deployment/abTesting.ts
FN:75,(anonymous_0)
FN:79,(anonymous_1)
FN:80,(anonymous_2)
FN:96,(anonymous_3)
FN:107,(anonymous_4)
FN:117,(anonymous_5)
FN:128,(anonymous_6)
FN:189,(anonymous_7)
FN:194,(anonymous_8)
FN:220,(anonymous_9)
FN:226,(anonymous_10)
FN:236,(anonymous_11)
FN:244,(anonymous_12)
FN:250,(anonymous_13)
FN:252,(anonymous_14)
FN:253,(anonymous_15)
FN:308,(anonymous_16)
FN:310,(anonymous_17)
FN:331,(anonymous_18)
FN:348,(anonymous_19)
FN:361,(anonymous_20)
FN:366,(anonymous_21)
FN:378,(anonymous_22)
FN:385,(anonymous_23)
FN:389,(anonymous_24)
FN:393,(anonymous_25)
FN:394,(anonymous_26)
FN:397,(anonymous_27)
FN:399,(anonymous_28)
FN:410,(anonymous_29)
FN:412,(anonymous_30)
FN:423,(anonymous_31)
FNF:32
FNH:0
FNDA:0,(anonymous_0)
FNDA:0,(anonymous_1)
FNDA:0,(anonymous_2)
FNDA:0,(anonymous_3)
FNDA:0,(anonymous_4)
FNDA:0,(anonymous_5)
FNDA:0,(anonymous_6)
FNDA:0,(anonymous_7)
FNDA:0,(anonymous_8)
FNDA:0,(anonymous_9)
FNDA:0,(anonymous_10)
FNDA:0,(anonymous_11)
FNDA:0,(anonymous_12)
FNDA:0,(anonymous_13)
FNDA:0,(anonymous_14)
FNDA:0,(anonymous_15)
FNDA:0,(anonymous_16)
FNDA:0,(anonymous_17)
FNDA:0,(anonymous_18)
FNDA:0,(anonymous_19)
FNDA:0,(anonymous_20)
FNDA:0,(anonymous_21)
FNDA:0,(anonymous_22)
FNDA:0,(anonymous_23)
FNDA:0,(anonymous_24)
FNDA:0,(anonymous_25)
FNDA:0,(anonymous_26)
FNDA:0,(anonymous_27)
FNDA:0,(anonymous_28)
FNDA:0,(anonymous_29)
FNDA:0,(anonymous_30)
FNDA:0,(anonymous_31)
DA:2,0
DA:68,0
DA:69,0
DA:70,0
DA:71,0
DA:73,0
DA:76,0
DA:80,0
DA:81,0
DA:82,0
DA:85,0
DA:90,0
DA:91,0
DA:93,0
DA:97,0
DA:98,0
DA:99,0
DA:102,0
DA:103,0
DA:104,0
DA:108,0
DA:109,0
DA:110,0
DA:113,0
DA:114,0
DA:118,0
DA:119,0
DA:120,0
DA:123,0
DA:124,0
DA:125,0
DA:138,0
DA:139,0
DA:140,0
DA:143,0
DA:144,0
DA:146,0
DA:147,0
DA:148,0
DA:150,0
DA:164,0
DA:171,0
DA:185,0
DA:190,0
DA:191,0
DA:193,0
DA:194,0
DA:195,0
DA:198,0
DA:202,0
DA:203,0
DA:204,0
DA:205,0
DA:206,0
DA:213,0
DA:217,0
DA:221,0
DA:222,0
DA:223,0
DA:227,0
DA:228,0
DA:229,0
DA:230,0
DA:231,0
DA:233,0
DA:237,0
DA:239,0
DA:240,0
DA:245,0
DA:246,0
DA:247,0
DA:250,0
DA:252,0
DA:253,0
DA:255,0
DA:256,0
DA:268,0
DA:269,0
DA:270,0
DA:271,0
DA:272,0
DA:274,0
DA:275,0
DA:276,0
DA:277,0
DA:278,0
DA:279,0
DA:282,0
DA:294,0
DA:295,0
DA:296,0
DA:298,0
DA:309,0
DA:310,0
DA:312,0
DA:313,0
DA:315,0
DA:316,0
DA:317,0
DA:318,0
DA:320,0
DA:321,0
DA:323,0
DA:325,0
DA:326,0
DA:328,0
DA:332,0
DA:333,0
DA:334,0
DA:335,0
DA:336,0
DA:337,0
DA:339,0
DA:340,0
DA:342,0
DA:343,0
DA:345,0
DA:349,0
DA:351,0
DA:352,0
DA:353,0
DA:354,0
DA:358,0
DA:366,0
DA:368,0
DA:369,0
DA:372,0
DA:373,0
DA:376,0
DA:377,0
DA:378,0
DA:379,0
DA:382,0
DA:386,0
DA:390,0
DA:394,0
DA:398,0
DA:399,0
DA:401,0
DA:402,0
DA:403,0
DA:407,0
DA:411,0
DA:412,0
DA:413,0
DA:415,0
DA:424,0
LF:147
LH:0
BRDA:81,0,0,0
BRDA:81,0,1,0
BRDA:98,1,0,0
BRDA:98,1,1,0
BRDA:109,2,0,0
BRDA:109,2,1,0
BRDA:119,3,0,0
BRDA:119,3,1,0
BRDA:139,4,0,0
BRDA:139,4,1,0
BRDA:139,5,0,0
BRDA:139,5,1,0
BRDA:153,6,0,0
BRDA:153,6,1,0
BRDA:158,7,0,0
BRDA:158,7,1,0
BRDA:193,8,0,0
BRDA:193,8,1,0
BRDA:195,9,0,0
BRDA:195,9,1,0
BRDA:198,10,0,0
BRDA:198,10,1,0
BRDA:205,11,0,0
BRDA:205,11,1,0
BRDA:221,12,0,0
BRDA:221,12,1,0
BRDA:222,13,0,0
BRDA:222,13,1,0
BRDA:239,14,0,0
BRDA:239,14,1,0
BRDA:246,15,0,0
BRDA:246,15,1,0
BRDA:255,16,0,0
BRDA:255,16,1,0
BRDA:278,17,0,0
BRDA:278,17,1,0
BRDA:309,18,0,0
BRDA:309,18,1,0
BRDA:310,19,0,0
BRDA:310,19,1,0
BRDA:323,20,0,0
BRDA:323,20,1,0
BRDA:339,21,0,0
BRDA:339,21,1,0
BRDA:349,22,0,0
BRDA:349,22,1,0
BRDA:349,23,0,0
BRDA:349,23,1,0
BRDA:353,24,0,0
BRDA:353,24,1,0
BRDA:353,25,0,0
BRDA:353,25,1,0
BRDA:368,26,0,0
BRDA:368,26,1,0
BRDA:372,27,0,0
BRDA:372,27,1,0
BRDA:377,28,0,0
BRDA:377,28,1,0
BRDA:379,29,0,0
BRDA:379,29,1,0
BRDA:402,30,0,0
BRDA:402,30,1,0
BRF:62
BRH:0
end_of_record
TN:
SF:src/deployment/canaryDeployment.ts
FN:53,(anonymous_0)
FN:76,(anonymous_1)
FN:103,(anonymous_2)
FN:110,(anonymous_3)
FN:130,(anonymous_4)
FN:133,(anonymous_5)
FN:140,(anonymous_6)
FN:143,(anonymous_7)
FN:150,(anonymous_8)
FN:202,(anonymous_9)
FN:221,(anonymous_10)
FN:230,(anonymous_11)
FN:242,(anonymous_12)
FN:256,(anonymous_13)
FN:265,(anonymous_14)
FN:269,(anonymous_15)
FN:273,(anonymous_16)
FN:278,(anonymous_17)
FN:299,(anonymous_18)
FN:300,(anonymous_19)
FN:305,(anonymous_20)
FN:312,(anonymous_21)
FNF:22
FNH:0
FNDA:0,(anonymous_0)
FNDA:0,(anonymous_1)
FNDA:0,(anonymous_2)
FNDA:0,(anonymous_3)
FNDA:0,(anonymous_4)
FNDA:0,(anonymous_5)
FNDA:0,(anonymous_6)
FNDA:0,(anonymous_7)
FNDA:0,(anonymous_8)
FNDA:0,(anonymous_9)
FNDA:0,(anonymous_10)
FNDA:0,(anonymous_11)
FNDA:0,(anonymous_12)
FNDA:0,(anonymous_13)
FNDA:0,(anonymous_14)
FNDA:0,(anonymous_15)
FNDA:0,(anonymous_16)
FNDA:0,(anonymous_17)
FNDA:0,(anonymous_18)
FNDA:0,(anonymous_19)
FNDA:0,(anonymous_20)
FNDA:0,(anonymous_21)
DA:2,0
DA:44,0
DA:49,0
DA:50,0
DA:58,0
DA:59,0
DA:60,0
DA:73,0
DA:81,0
DA:83,0
DA:84,0
DA:85,0
DA:88,0
DA:90,0
DA:92,0
DA:98,0
DA:99,0
DA:104,0
DA:105,0
DA:107,0
DA:111,0
DA:112,0
DA:113,0
DA:114,0
DA:115,0
DA:116,0
DA:119,0
DA:120,0
DA:121,0
DA:122,0
DA:123,0
DA:127,0
DA:131,0
DA:132,0
DA:133,0
DA:135,0
DA:136,0
DA:141,0
DA:142,0
DA:143,0
DA:145,0
DA:146,0
DA:151,0
DA:153,0
DA:154,0
DA:155,0
DA:156,0
DA:159,0
DA:162,0
DA:166,0
DA:170,0
DA:172,0
DA:173,0
DA:176,0
DA:177,0
DA:180,0
DA:181,0
DA:184,0
DA:186,0
DA:187,0
DA:188,0
DA:189,0
DA:191,0
DA:193,0
DA:194,0
DA:195,0
DA:198,0
DA:203,0
DA:204,0
DA:205,0
DA:208,0
DA:209,0
DA:210,0
DA:211,0
DA:212,0
DA:214,0
DA:216,0
DA:222,0
DA:223,0
DA:224,0
DA:225,0
DA:227,0
DA:231,0
DA:232,0
DA:233,0
DA:234,0
DA:236,0
DA:243,0
DA:244,0
DA:245,0
DA:246,0
DA:247,0
DA:249,0
DA:257,0
DA:258,0
DA:261,0
DA:262,0
DA:266,0
DA:270,0
DA:274,0
DA:275,0
DA:279,0
DA:300,0
DA:301,0
DA:306,0
DA:307,0
DA:308,0
DA:313,0
DA:315,0
LF:109
LH:0
BRDA:56,0,0,0
BRDA:85,1,0,0
BRDA:85,1,1,0
BRDA:104,2,0,0
BRDA:104,2,1,0
BRDA:104,3,0,0
BRDA:104,3,1,0
BRDA:111,4,0,0
BRDA:111,4,1,0
BRDA:113,5,0,0
BRDA:113,5,1,0
BRDA:114,6,0,0
BRDA:114,6,1,0
BRDA:120,7,0,0
BRDA:120,7,1,0
BRDA:121,8,0,0
BRDA:121,8,1,0
BRDA:131,9,0,0
BRDA:131,9,1,0
BRDA:135,10,0,0
BRDA:135,10,1,0
BRDA:141,11,0,0
BRDA:141,11,1,0
BRDA:145,12,0,0
BRDA:145,12,1,0
BRDA:153,13,0,0
BRDA:153,13,1,0
BRDA:159,14,0,0
BRDA:159,14,1,0
BRDA:162,15,0,0
BRDA:162,15,1,0
BRDA:166,16,0,0
BRDA:166,16,1,0
BRDA:172,17,0,0
BRDA:172,17,1,0
BRDA:176,18,0,0
BRDA:176,18,1,0
BRDA:180,19,0,0
BRDA:180,19,1,0
BRDA:186,20,0,0
BRDA:186,20,1,0
BRDA:188,21,0,0
BRDA:188,21,1,0
BRDA:191,22,0,0
BRDA:191,22,1,0
BRDA:191,23,0,0
BRDA:191,23,1,0
BRDA:194,24,0,0
BRDA:194,24,1,0
BRDA:203,25,0,0
BRDA:203,25,1,0
BRDA:212,26,0,0
BRDA:212,26,1,0
BRDA:257,27,0,0
BRDA:257,27,1,0
BRDA:257,28,0,0
BRDA:257,28,1,0
BRDA:306,29,0,0
BRDA:306,29,1,0
BRF:59
BRH:0
end_of_record
TN:
SF:src/deployment/gradualRollout.ts
FN:55,(anonymous_0)
FN:80,(anonymous_1)
FN:110,(anonymous_2)
FN:126,(anonymous_3)
FN:134,(anonymous_4)
FN:144,(anonymous_5)
FN:160,(anonymous_6)
FN:195,(anonymous_7)
FN:222,(anonymous_8)
FN:229,(anonymous_9)
FN:239,(anonymous_10)
FN:272,(anonymous_11)
FN:290,(anonymous_12)
FN:308,(anonymous_13)
FN:326,(anonymous_14)
FN:331,(anonymous_15)
FN:335,(anonymous_16)
FN:339,(anonymous_17)
FN:343,(anonymous_18)
FN:348,(anonymous_19)
FNF:20
FNH:0
FNDA:0,(anonymous_0)
FNDA:0,(anonymous_1)
FNDA:0,(anonymous_2)
FNDA:0,(anonymous_3)
FNDA:0,(anonymous_4)
FNDA:0,(anonymous_5)
FNDA:0,(anonymous_6)
FNDA:0,(anonymous_7)
FNDA:0,(anonymous_8)
FNDA:0,(anonymous_9)
FNDA:0,(anonymous_10)
FNDA:0,(anonymous_11)
FNDA:0,(anonymous_12)
FNDA:0,(anonymous_13)
FNDA:0,(anonymous_14)
FNDA:0,(anonymous_15)
FNDA:0,(anonymous_16)
FNDA:0,(anonymous_17)
FNDA:0,(anonymous_18)
FNDA:0,(anonymous_19)
DA:2,0
DA:46,0
DA:52,0
DA:53,0
DA:60,0
DA:61,0
DA:62,0
DA:77,0
DA:85,0
DA:87,0
DA:88,0
DA:92,0
DA:94,0
DA:100,0
DA:102,0
DA:103,0
DA:106,0
DA:111,0
DA:112,0
DA:115,0
DA:116,0
DA:119,0
DA:120,0
DA:123,0
DA:127,0
DA:128,0
DA:129,0
DA:131,0
DA:135,0
DA:136,0
DA:137,0
DA:138,0
DA:139,0
DA:141,0
DA:145,0
DA:147,0
DA:148,0
DA:150,0
DA:153,0
DA:154,0
DA:157,0
DA:161,0
DA:163,0
DA:164,0
DA:166,0
DA:167,0
DA:169,0
DA:170,0
DA:172,0
DA:173,0
DA:174,0
DA:176,0
DA:178,0
DA:181,0
DA:182,0
DA:185,0
DA:186,0
DA:187,0
DA:188,0
DA:192,0
DA:196,0
DA:197,0
DA:198,0
DA:201,0
DA:202,0
DA:203,0
DA:204,0
DA:206,0
DA:207,0
DA:209,0
DA:216,0
DA:223,0
DA:225,0
DA:226,0
DA:230,0
DA:231,0
DA:232,0
DA:235,0
DA:236,0
DA:240,0
DA:242,0
DA:243,0
DA:244,0
DA:247,0
DA:249,0
DA:250,0
DA:251,0
DA:254,0
DA:255,0
DA:256,0
DA:258,0
DA:265,0
DA:273,0
DA:274,0
DA:277,0
DA:278,0
DA:279,0
DA:280,0
DA:281,0
DA:283,0
DA:291,0
DA:292,0
DA:294,0
DA:295,0
DA:296,0
DA:299,0
DA:309,0
DA:310,0
DA:312,0
DA:313,0
DA:314,0
DA:315,0
DA:318,0
DA:327,0
DA:328,0
DA:332,0
DA:336,0
DA:340,0
DA:344,0
DA:345,0
DA:349,0
LF:121
LH:0
BRDA:58,0,0,0
BRDA:88,1,0,0
BRDA:88,1,1,0
BRDA:102,2,0,0
BRDA:102,2,1,0
BRDA:102,3,0,0
BRDA:102,3,1,0
BRDA:111,4,0,0
BRDA:111,4,1,0
BRDA:115,5,0,0
BRDA:115,5,1,0
BRDA:115,6,0,0
BRDA:115,6,1,0
BRDA:119,7,0,0
BRDA:119,7,1,0
BRDA:127,8,0,0
BRDA:127,8,1,0
BRDA:147,9,0,0
BRDA:147,9,1,0
BRDA:153,10,0,0
BRDA:153,10,1,0
BRDA:161,11,0,0
BRDA:161,11,1,0
BRDA:164,12,0,0
BRDA:164,12,1,0
BRDA:164,13,0,0
BRDA:164,13,1,0
BRDA:167,14,0,0
BRDA:167,14,1,0
BRDA:170,15,0,0
BRDA:170,15,1,0
BRDA:172,16,0,0
BRDA:172,16,1,0
BRDA:172,17,0,0
BRDA:172,17,1,0
BRDA:173,18,0,0
BRDA:173,18,1,0
BRDA:181,19,0,0
BRDA:181,19,1,0
BRDA:181,20,0,0
BRDA:181,20,1,0
BRDA:185,21,0,0
BRDA:185,21,1,0
BRDA:185,22,0,0
BRDA:185,22,1,0
BRDA:187,23,0,0
BRDA:187,23,1,0
BRDA:196,24,0,0
BRDA:196,24,1,0
BRDA:207,25,0,0
BRDA:207,25,1,0
BRDA:211,26,0,0
BRDA:211,26,1,0
BRDA:223,27,0,0
BRDA:223,27,1,0
BRDA:230,28,0,0
BRDA:230,28,1,0
BRDA:240,29,0,0
BRDA:240,29,1,0
BRDA:243,30,0,0
BRDA:243,30,1,0
BRDA:249,31,0,0
BRDA:249,31,1,0
BRDA:273,32,0,0
BRDA:273,32,1,0
BRDA:273,33,0,0
BRDA:273,33,1,0
BRDA:295,34,0,0
BRDA:295,34,1,0
BRDA:302,35,0,0
BRDA:302,35,1,0
BRDA:313,36,0,0
BRDA:313,36,1,0
BRF:73
BRH:0
end_of_record
TN:
SF:src/deployment/shadowMode.ts
FN:56,(anonymous_0)
FN:74,(anonymous_1)
FN:101,(anonymous_2)
FN:107,(anonymous_3)
FN:116,(anonymous_4)
FN:117,(anonymous_5)
FN:170,(anonymous_6)
FN:207,(anonymous_7)
FN:215,(anonymous_8)
FN:259,(anonymous_9)
FN:263,(anonymous_10)
FN:265,(anonymous_11)
FN:269,(anonymous_12)
FN:274,(anonymous_13)
FN:278,(anonymous_14)
FN:283,(anonymous_15)
FN:288,(anonymous_16)
FN:293,(anonymous_17)
FNF:18
FNH:0
FNDA:0,(anonymous_0)
FNDA:0,(anonymous_1)
FNDA:0,(anonymous_2)
FNDA:0,(anonymous_3)
FNDA:0,(anonymous_4)
FNDA:0,(anonymous_5)
FNDA:0,(anonymous_6)
FNDA:0,(anonymous_7)
FNDA:0,(anonymous_8)
FNDA:0,(anonymous_9)
FNDA:0,(anonymous_10)
FNDA:0,(anonymous_11)
FNDA:0,(anonymous_12)
FNDA:0,(anonymous_13)
FNDA:0,(anonymous_14)
FNDA:0,(anonymous_15)
FNDA:0,(anonymous_16)
FNDA:0,(anonymous_17)
DA:2,0
DA:48,0
DA:50,0
DA:51,0
DA:54,0
DA:61,0
DA:62,0
DA:63,0
DA:79,0
DA:81,0
DA:82,0
DA:87,0
DA:88,0
DA:94,0
DA:102,0
DA:103,0
DA:104,0
DA:111,0
DA:112,0
DA:114,0
DA:115,0
DA:116,0
DA:117,0
DA:120,0
DA:122,0
DA:127,0
DA:137,0
DA:138,0
DA:141,0
DA:162,0
DA:163,0
DA:166,0
DA:174,0
DA:175,0
DA:176,0
DA:177,0
DA:178,0
DA:181,0
DA:182,0
DA:183,0
DA:184,0
DA:187,0
DA:188,0
DA:197,0
DA:208,0
DA:210,0
DA:211,0
DA:216,0
DA:217,0
DA:228,0
DA:229,0
DA:230,0
DA:231,0
DA:232,0
DA:233,0
DA:235,0
DA:236,0
DA:237,0
DA:238,0
DA:239,0
DA:240,0
DA:242,0
DA:243,0
DA:244,0
DA:248,0
DA:260,0
DA:264,0
DA:265,0
DA:270,0
DA:271,0
DA:275,0
DA:279,0
DA:280,0
DA:284,0
DA:285,0
DA:289,0
DA:290,0
DA:294,0
LF:78
LH:0
BRDA:59,0,0,0
BRDA:81,1,0,0
BRDA:81,1,1,0
BRDA:87,2,0,0
BRDA:87,2,1,0
BRDA:102,3,0,0
BRDA:102,3,1,0
BRDA:103,4,0,0
BRDA:103,4,1,0
BRDA:112,5,0,0
BRDA:112,5,1,0
BRDA:158,6,0,0
BRDA:158,6,1,0
BRDA:177,7,0,0
BRDA:177,7,1,0
BRDA:177,8,0,0
BRDA:177,8,1,0
BRDA:178,9,0,0
BRDA:178,9,1,0
BRDA:178,10,0,0
BRDA:178,10,1,0
BRDA:181,11,0,0
BRDA:181,11,1,0
BRDA:183,12,0,0
BRDA:183,12,1,0
BRDA:187,13,0,0
BRDA:187,13,1,0
BRDA:187,14,0,0
BRDA:187,14,1,0
BRDA:210,15,0,0
BRDA:210,15,1,0
BRDA:216,16,0,0
BRDA:216,16,1,0
BRDA:236,17,0,0
BRDA:236,17,1,0
BRDA:237,18,0,0
BRDA:237,18,1,0
BRDA:242,19,0,0
BRDA:242,19,1,0
BRDA:244,20,0,0
BRDA:244,20,1,0
BRDA:259,21,0,0
BRDA:263,22,0,0
BRDA:265,23,0,0
BRDA:265,23,1,0
BRF:45
BRH:0
end_of_record
TN:
SF:src/middleware/errorHandler.ts
FN:4,errorHandler
FNF:1
FNH:1
FNDA:10,errorHandler
DA:2,2
DA:4,2
DA:10,10
DA:12,10
DA:23,10
DA:25,10
LF:6
LH:6
BRDA:27,0,0,1
BRDA:27,0,1,9
BRF:2
BRH:2
end_of_record
TN:
SF:src/observability/accuracyTracker.ts
FN:44,(anonymous_0)
FN:49,(anonymous_1)
FN:61,(anonymous_2)
FN:80,(anonymous_3)
FN:100,(anonymous_4)
FN:115,(anonymous_5)
FN:129,(anonymous_6)
FN:146,(anonymous_7)
FN:148,(anonymous_8)
FN:236,(anonymous_9)
FN:253,(anonymous_10)
FN:257,(anonymous_11)
FN:270,(anonymous_12)
FN:272,(anonymous_13)
FN:284,(anonymous_14)
FN:324,(anonymous_15)
FN:328,(anonymous_16)
FN:335,(anonymous_17)
FN:341,(anonymous_18)
FN:352,(anonymous_19)
FN:372,(anonymous_20)
FNF:21
FNH:10
FNDA:11,(anonymous_0)
FNDA:217,(anonymous_1)
FNDA:216,(anonymous_2)
FNDA:1,(anonymous_3)
FNDA:0,(anonymous_4)
FNDA:0,(anonymous_5)
FNDA:0,(anonymous_6)
FNDA:8,(anonymous_7)
FNDA:0,(anonymous_8)
FNDA:1,(anonymous_9)
FNDA:0,(anonymous_10)
FNDA:0,(anonymous_11)
FNDA:0,(anonymous_12)
FNDA:0,(anonymous_13)
FNDA:2,(anonymous_14)
FNDA:0,(anonymous_15)
FNDA:0,(anonymous_16)
FNDA:1,(anonymous_17)
FNDA:6,(anonymous_18)
FNDA:2,(anonymous_19)
FNDA:0,(anonymous_20)
DA:2,1
DA:38,1
DA:39,11
DA:40,11
DA:45,11
DA:46,11
DA:50,217
DA:51,0
DA:53,217
DA:55,217
DA:56,0
DA:57,0
DA:62,216
DA:67,216
DA:69,216
DA:70,0
DA:73,216
DA:81,1
DA:82,1
DA:83,0
DA:84,0
DA:87,1
DA:89,1
DA:101,0
DA:102,0
DA:104,0
DA:116,0
DA:117,0
DA:119,0
DA:130,0
DA:131,0
DA:132,0
DA:133,0
DA:136,0
DA:147,8
DA:148,0
DA:151,8
DA:152,2
DA:155,6
DA:163,6
DA:164,6
DA:165,6
DA:166,6
DA:167,6
DA:168,6
DA:170,6
DA:171,215
DA:172,215
DA:174,215
DA:175,170
DA:176,170
DA:177,170
DA:179,45
DA:181,45
DA:182,2
DA:183,2
DA:184,2
DA:185,2
DA:189,215
DA:191,215
DA:192,6
DA:194,215
DA:195,170
DA:197,45
DA:201,6
DA:202,30
DA:203,30
DA:208,6
DA:209,6
DA:210,6
DA:211,6
DA:217,6
DA:218,6
DA:219,6
DA:223,6
DA:237,1
DA:238,1
DA:244,1
DA:245,1
DA:246,1
DA:248,1
DA:249,24
DA:250,24
DA:252,24
DA:253,0
DA:256,24
DA:257,0
DA:258,0
DA:266,1
DA:267,1
DA:269,1
DA:270,0
DA:272,0
DA:275,0
DA:277,0
DA:278,0
DA:281,1
DA:285,2
DA:286,2
DA:288,2
DA:289,1
DA:290,1
DA:293,1
DA:294,1
DA:297,1
DA:298,0
DA:301,1
DA:302,0
DA:305,1
DA:306,5
DA:307,0
DA:311,1
DA:312,1
DA:313,0
DA:317,1
DA:318,0
DA:321,1
DA:325,0
DA:329,0
DA:336,1
DA:337,1
DA:338,1
DA:342,6
DA:349,6
DA:353,2
DA:373,0
DA:377,1
LF:127
LH:93
BRDA:44,0,0,11
BRDA:45,1,0,11
BRDA:45,1,1,11
BRDA:46,2,0,11
BRDA:46,2,1,11
BRDA:50,3,0,0
BRDA:50,3,1,217
BRDA:55,4,0,0
BRDA:55,4,1,217
BRDA:57,5,0,0
BRDA:57,5,1,0
BRDA:69,6,0,0
BRDA:69,6,1,216
BRDA:82,7,0,0
BRDA:82,7,1,1
BRDA:102,8,0,0
BRDA:102,8,1,0
BRDA:117,9,0,0
BRDA:117,9,1,0
BRDA:124,10,0,0
BRDA:124,10,1,0
BRDA:131,11,0,0
BRDA:131,11,1,0
BRDA:147,12,0,0
BRDA:147,12,1,8
BRDA:151,13,0,2
BRDA:151,13,1,6
BRDA:174,14,0,170
BRDA:174,14,1,45
BRDA:181,15,0,2
BRDA:181,15,1,43
BRDA:184,16,0,0
BRDA:184,16,1,2
BRDA:185,17,0,2
BRDA:185,17,1,0
BRDA:191,18,0,6
BRDA:191,18,1,209
BRDA:194,19,0,170
BRDA:194,19,1,45
BRDA:203,20,0,7
BRDA:203,20,1,23
BRDA:213,21,0,6
BRDA:213,21,1,0
BRDA:218,22,0,4
BRDA:218,22,1,2
BRDA:219,23,0,6
BRDA:219,23,1,0
BRDA:230,24,0,6
BRDA:230,24,1,0
BRDA:231,25,0,6
BRDA:231,25,1,0
BRDA:245,26,0,1
BRDA:245,26,1,0
BRDA:245,27,0,0
BRDA:245,27,1,0
BRDA:253,28,0,0
BRDA:253,28,1,0
BRDA:256,29,0,0
BRDA:256,29,1,24
BRDA:269,30,0,0
BRDA:269,30,1,1
BRDA:275,31,0,0
BRDA:275,31,1,0
BRDA:277,32,0,0
BRDA:277,32,1,0
BRDA:278,33,0,0
BRDA:278,33,1,0
BRDA:288,34,0,1
BRDA:288,34,1,1
BRDA:293,35,0,1
BRDA:293,35,1,0
BRDA:297,36,0,0
BRDA:297,36,1,1
BRDA:301,37,0,0
BRDA:301,37,1,1
BRDA:306,38,0,0
BRDA:306,38,1,5
BRDA:306,39,0,5
BRDA:306,39,1,1
BRDA:312,40,0,0
BRDA:312,40,1,1
BRDA:312,41,0,1
BRDA:312,41,1,1
BRDA:317,42,0,0
BRDA:317,42,1,1
BRDA:324,43,0,0
BRF:86
BRH:45
end_of_record
TN:
SF:src/observability/dashboard.ts
FN:93,(anonymous_0)
FN:101,(anonymous_1)
FN:121,(anonymous_2)
FN:122,(anonymous_3)
FN:125,(anonymous_4)
FN:138,(anonymous_5)
FN:155,(anonymous_6)
FN:156,(anonymous_7)
FN:164,(anonymous_8)
FN:169,(anonymous_9)
FN:170,(anonymous_10)
FN:171,(anonymous_11)
FN:197,(anonymous_12)
FN:211,(anonymous_13)
FN:224,(anonymous_14)
FN:228,(anonymous_15)
FN:238,(anonymous_16)
FN:241,(anonymous_17)
FN:244,(anonymous_18)
FN:262,(anonymous_19)
FN:264,(anonymous_20)
FN:267,(anonymous_21)
FN:269,(anonymous_22)
FN:274,(anonymous_23)
FN:284,(anonymous_24)
FN:295,(anonymous_25)
FN:296,(anonymous_26)
FN:297,(anonymous_27)
FN:301,(anonymous_28)
FNF:29
FNH:28
FNDA:17,(anonymous_0)
FNDA:308,(anonymous_1)
FNDA:15159,(anonymous_2)
FNDA:5051,(anonymous_3)
FNDA:3,(anonymous_4)
FNDA:7,(anonymous_5)
FNDA:2,(anonymous_6)
FNDA:2,(anonymous_7)
FNDA:1517,(anonymous_8)
FNDA:310,(anonymous_9)
FNDA:310,(anonymous_10)
FNDA:101,(anonymous_11)
FNDA:6,(anonymous_12)
FNDA:18,(anonymous_13)
FNDA:0,(anonymous_14)
FNDA:3,(anonymous_15)
FNDA:7,(anonymous_16)
FNDA:6,(anonymous_17)
FNDA:1501,(anonymous_18)
FNDA:1517,(anonymous_19)
FNDA:310,(anonymous_20)
FNDA:3034,(anonymous_21)
FNDA:596,(anonymous_22)
FNDA:6,(anonymous_23)
FNDA:18,(anonymous_24)
FNDA:6,(anonymous_25)
FNDA:21,(anonymous_26)
FNDA:20,(anonymous_27)
FNDA:1,(anonymous_28)
DA:5,1
DA:72,1
DA:74,17
DA:75,17
DA:76,17
DA:77,17
DA:78,17
DA:79,17
DA:80,17
DA:86,17
DA:94,17
DA:95,17
DA:96,17
DA:98,17
DA:102,308
DA:103,308
DA:104,308
DA:106,308
DA:107,101
DA:110,308
DA:111,2
DA:113,306
DA:116,308
DA:117,0
DA:120,308
DA:121,15159
DA:122,5051
DA:126,3
DA:127,3
DA:129,3
DA:130,2
DA:139,7
DA:146,7
DA:148,7
DA:149,0
DA:152,7
DA:156,2
DA:157,2
DA:158,2
DA:159,2
DA:161,0
DA:165,1517
DA:166,1517
DA:167,1517
DA:169,1517
DA:170,1517
DA:171,1517
DA:173,1517
DA:174,1517
DA:176,1517
DA:198,6
DA:199,6
DA:201,6
DA:203,6
DA:209,6
DA:211,18
DA:214,6
DA:224,0
DA:229,3
DA:239,7
DA:241,6
DA:245,1501
DA:246,1501
DA:247,1501
DA:249,1501
DA:250,1501
DA:251,1501
DA:252,1501
DA:254,1501
DA:255,1501
DA:256,6004
DA:257,240
DA:263,1517
DA:264,310
DA:268,3034
DA:269,596
DA:270,24
DA:271,24
DA:275,6
DA:276,1
DA:278,5
DA:279,0
DA:281,5
DA:285,18
DA:286,18
DA:287,0
DA:289,18
DA:290,0
DA:292,18
DA:296,21
DA:297,20
DA:298,5
DA:302,1
DA:303,1
DA:304,1
DA:305,1
DA:306,1
DA:307,1
DA:308,1
LF:99
LH:92
BRDA:106,0,0,101
BRDA:106,0,1,207
BRDA:110,1,0,2
BRDA:110,1,1,306
BRDA:116,2,0,0
BRDA:116,2,1,308
BRDA:129,3,0,2
BRDA:129,3,1,1
BRDA:129,4,0,3
BRDA:129,4,1,2
BRDA:148,5,0,0
BRDA:148,5,1,7
BRDA:157,6,0,2
BRDA:157,6,1,0
BRDA:183,7,0,12
BRDA:183,7,1,1505
BRDA:184,8,0,12
BRDA:184,8,1,1505
BRDA:185,9,0,12
BRDA:185,9,1,1505
BRDA:221,10,0,0
BRDA:221,10,1,6
BRDA:238,11,0,4
BRDA:239,12,0,1
BRDA:239,12,1,6
BRDA:256,13,0,240
BRDA:256,13,1,5764
BRDA:263,14,0,1505
BRDA:263,14,1,12
BRDA:268,15,0,3010
BRDA:268,15,1,24
BRDA:275,16,0,1
BRDA:275,16,1,5
BRDA:275,17,0,6
BRDA:275,17,1,5
BRDA:278,18,0,0
BRDA:278,18,1,5
BRDA:278,19,0,5
BRDA:278,19,1,5
BRDA:286,20,0,0
BRDA:286,20,1,18
BRDA:289,21,0,0
BRDA:289,21,1,18
BRDA:296,22,0,1
BRDA:296,22,1,5
BRDA:297,23,0,0
BRDA:297,23,1,5
BRF:47
BRH:39
end_of_record
TN:
SF:src/observability/logger.ts
FNF:0
FNH:0
DA:1,9
DA:3,9
DA:5,9
DA:35,9
DA:41,9
LF:5
LH:5
BRDA:3,0,0,9
BRDA:3,0,1,0
BRDA:22,1,0,0
BRDA:22,1,1,9
BRF:4
BRH:2
end_of_record
TN:
SF:src/observability/otelExporter.ts
FN:56,(anonymous_0)
FN:69,(anonymous_1)
FN:99,(anonymous_2)
FN:109,(anonymous_3)
FN:127,(anonymous_4)
FN:142,(anonymous_5)
FN:156,(anonymous_6)
FN:177,(anonymous_7)
FN:191,(anonymous_8)
FN:192,(anonymous_9)
FN:205,(anonymous_10)
FN:209,(anonymous_11)
FN:229,(anonymous_12)
FN:234,(anonymous_13)
FN:240,(anonymous_14)
FN:246,(anonymous_15)
FN:247,(anonymous_16)
FN:255,(anonymous_17)
FN:262,(anonymous_18)
FN:263,(anonymous_19)
FN:268,(anonymous_20)
FN:270,(anonymous_21)
FN:273,(anonymous_22)
FN:312,(anonymous_23)
FN:324,(anonymous_24)
FN:340,(anonymous_25)
FN:348,(anonymous_26)
FN:354,(anonymous_27)
FN:357,(anonymous_28)
FN:368,(anonymous_29)
FN:369,(anonymous_30)
FN:374,(anonymous_31)
FN:375,(anonymous_32)
FN:380,(anonymous_33)
FN:381,(anonymous_34)
FN:385,(anonymous_35)
FN:389,(anonymous_36)
FNF:37
FNH:0
FNDA:0,(anonymous_0)
FNDA:0,(anonymous_1)
FNDA:0,(anonymous_2)
FNDA:0,(anonymous_3)
FNDA:0,(anonymous_4)
FNDA:0,(anonymous_5)
FNDA:0,(anonymous_6)
FNDA:0,(anonymous_7)
FNDA:0,(anonymous_8)
FNDA:0,(anonymous_9)
FNDA:0,(anonymous_10)
FNDA:0,(anonymous_11)
FNDA:0,(anonymous_12)
FNDA:0,(anonymous_13)
FNDA:0,(anonymous_14)
FNDA:0,(anonymous_15)
FNDA:0,(anonymous_16)
FNDA:0,(anonymous_17)
FNDA:0,(anonymous_18)
FNDA:0,(anonymous_19)
FNDA:0,(anonymous_20)
FNDA:0,(anonymous_21)
FNDA:0,(anonymous_22)
FNDA:0,(anonymous_23)
FNDA:0,(anonymous_24)
FNDA:0,(anonymous_25)
FNDA:0,(anonymous_26)
FNDA:0,(anonymous_27)
FNDA:0,(anonymous_28)
FNDA:0,(anonymous_29)
FNDA:0,(anonymous_30)
FNDA:0,(anonymous_31)
FNDA:0,(anonymous_32)
FNDA:0,(anonymous_33)
FNDA:0,(anonymous_34)
FNDA:0,(anonymous_35)
FNDA:0,(anonymous_36)
DA:2,0
DA:46,0
DA:48,0
DA:49,0
DA:50,0
DA:52,0
DA:53,0
DA:54,0
DA:57,0
DA:64,0
DA:65,0
DA:70,0
DA:71,0
DA:73,0
DA:100,0
DA:102,0
DA:104,0
DA:105,0
DA:110,0
DA:111,0
DA:113,0
DA:118,0
DA:122,0
DA:128,0
DA:129,0
DA:130,0
DA:132,0
DA:143,0
DA:144,0
DA:146,0
DA:157,0
DA:158,0
DA:159,0
DA:161,0
DA:162,0
DA:164,0
DA:167,0
DA:186,0
DA:187,0
DA:189,0
DA:191,0
DA:192,0
DA:194,0
DA:206,0
DA:210,0
DA:211,0
DA:214,0
DA:215,0
DA:216,0
DA:217,0
DA:219,0
DA:220,0
DA:222,0
DA:230,0
DA:232,0
DA:233,0
DA:234,0
DA:235,0
DA:238,0
DA:239,0
DA:240,0
DA:241,0
DA:244,0
DA:245,0
DA:246,0
DA:247,0
DA:248,0
DA:249,0
DA:252,0
DA:256,0
DA:257,0
DA:259,0
DA:263,0
DA:264,0
DA:269,0
DA:270,0
DA:274,0
DA:276,0
DA:285,0
DA:286,0
DA:297,0
DA:298,0
DA:309,0
DA:313,0
DA:314,0
DA:324,0
DA:329,0
DA:336,0
DA:341,0
DA:348,0
DA:354,0
DA:357,0
DA:369,0
DA:370,0
DA:375,0
DA:376,0
DA:381,0
DA:382,0
DA:386,0
DA:387,0
DA:388,0
DA:389,0
DA:390,0
DA:391,0
DA:394,0
LF:105
LH:0
BRDA:64,0,0,0
BRDA:64,0,1,0
BRDA:64,1,0,0
BRDA:64,1,1,0
BRDA:100,2,0,0
BRDA:100,2,1,0
BRDA:104,3,0,0
BRDA:104,3,1,0
BRDA:104,4,0,0
BRDA:104,4,1,0
BRDA:127,5,0,0
BRDA:127,6,0,0
BRDA:129,7,0,0
BRDA:129,7,1,0
BRDA:142,8,0,0
BRDA:156,9,0,0
BRDA:158,10,0,0
BRDA:158,10,1,0
BRDA:161,11,0,0
BRDA:161,11,1,0
BRDA:177,12,0,0
BRDA:189,13,0,0
BRDA:189,13,1,0
BRDA:189,14,0,0
BRDA:189,14,1,0
BRDA:210,15,0,0
BRDA:210,15,1,0
BRDA:210,16,0,0
BRDA:210,16,1,0
BRDA:210,16,2,0
BRDA:219,17,0,0
BRDA:219,17,1,0
BRDA:256,18,0,0
BRDA:256,18,1,0
BRDA:285,19,0,0
BRDA:285,19,1,0
BRDA:297,20,0,0
BRDA:297,20,1,0
BRDA:350,21,0,0
BRDA:350,21,1,0
BRDA:351,22,0,0
BRDA:351,22,1,0
BRDA:359,23,0,0
BRDA:359,23,1,0
BRDA:360,24,0,0
BRDA:360,24,1,0
BRDA:364,25,0,0
BRDA:364,25,1,0
BRDA:364,26,0,0
BRDA:364,26,1,0
BRDA:388,27,0,0
BRDA:388,27,1,0
BRDA:391,28,0,0
BRDA:391,28,1,0
BRDA:391,29,0,0
BRDA:391,29,1,0
BRF:56
BRH:0
end_of_record
TN:
SF:src/observability/telemetry.ts
FN:8,(anonymous_0)
FN:38,(anonymous_1)
FN:42,(anonymous_2)
FN:85,(anonymous_3)
FN:91,(anonymous_4)
FNF:5
FNH:5
FNDA:134,(anonymous_0)
FNDA:10,(anonymous_1)
FNDA:1524,(anonymous_2)
FNDA:1,(anonymous_3)
FNDA:1,(anonymous_4)
DA:2,2
DA:4,2
DA:5,31
DA:6,31
DA:9,134
DA:11,134
DA:14,134
DA:15,0
DA:19,134
DA:34,0
DA:39,10
DA:49,1524
DA:50,1518
DA:59,6
DA:60,6
DA:61,6
DA:62,6
DA:64,6
DA:66,16
DA:69,16
DA:72,16
DA:73,16
DA:76,6
DA:87,1
DA:88,1
DA:92,1
DA:93,1
LF:27
LH:25
BRDA:14,0,0,0
BRDA:14,0,1,134
BRDA:38,1,0,4
BRDA:49,2,0,1518
BRDA:49,2,1,6
BRDA:66,3,0,16
BRDA:66,3,1,7
BRDA:69,4,0,16
BRDA:69,4,1,7
BRF:9
BRH:8
end_of_record
TN:
SF:src/providers/anthropicProvider.ts
FN:9,(anonymous_1)
FN:22,(anonymous_2)
FN:52,(anonymous_3)
FN:61,(anonymous_4)
FN:62,(anonymous_5)
FN:66,(anonymous_6)
FN:68,(anonymous_7)
FN:69,(anonymous_8)
FN:75,(anonymous_9)
FN:97,(anonymous_10)
FNF:10
FNH:10
FNDA:16,(anonymous_1)
FNDA:3,(anonymous_2)
FNDA:3,(anonymous_3)
FNDA:3,(anonymous_4)
FNDA:3,(anonymous_5)
FNDA:3,(anonymous_6)
FNDA:3,(anonymous_7)
FNDA:3,(anonymous_8)
FNDA:2,(anonymous_9)
FNDA:2,(anonymous_10)
DA:1,2
DA:3,2
DA:5,2
DA:10,16
DA:11,16
DA:23,3
DA:25,3
DA:34,3
DA:36,3
DA:39,2
DA:42,1
DA:48,1
DA:53,3
DA:58,3
DA:62,3
DA:63,3
DA:67,3
DA:68,3
DA:69,3
DA:76,2
DA:98,2
DA:100,2
DA:101,1
DA:103,1
DA:104,1
LF:25
LH:25
BRDA:27,0,0,3
BRDA:27,0,1,3
BRDA:28,1,0,3
BRDA:28,1,1,3
BRDA:45,2,0,1
BRDA:45,2,1,0
BRDA:48,3,0,1
BRDA:48,3,1,0
BRDA:58,4,0,3
BRDA:58,4,1,3
BRDA:63,5,0,3
BRDA:63,5,1,3
BRDA:70,6,0,0
BRDA:70,6,1,3
BRDA:77,7,0,2
BRDA:77,7,1,0
BRDA:85,8,0,2
BRDA:85,8,1,0
BRDA:87,9,0,2
BRDA:87,9,1,2
BRDA:90,10,0,2
BRDA:90,10,1,0
BRDA:91,11,0,2
BRDA:91,11,1,0
BRDA:92,12,0,2
BRDA:92,12,1,0
BRDA:92,13,0,2
BRDA:92,13,1,0
BRF:28
BRH:19
end_of_record
TN:
SF:src/providers/circuitBreaker.ts
FN:72,(anonymous_0)
FN:123,(anonymous_1)
FN:133,(anonymous_2)
FN:154,(anonymous_3)
FN:168,(anonymous_4)
FN:197,(anonymous_5)
FN:233,(anonymous_6)
FN:234,(anonymous_7)
FN:235,(anonymous_8)
FN:240,(anonymous_9)
FN:244,(anonymous_10)
FN:254,(anonymous_11)
FN:274,(anonymous_12)
FN:303,(anonymous_13)
FN:316,(anonymous_14)
FN:327,(anonymous_15)
FN:328,(anonymous_16)
FN:335,(anonymous_17)
FN:337,(anonymous_18)
FN:343,(anonymous_19)
FN:356,(anonymous_20)
FN:395,(anonymous_21)
FN:396,(anonymous_22)
FN:406,(anonymous_23)
FN:416,(anonymous_24)
FN:434,(anonymous_25)
FN:442,(anonymous_26)
FN:450,(anonymous_27)
FN:458,(anonymous_28)
FN:466,(anonymous_29)
FN:489,(anonymous_30)
FN:500,(anonymous_31)
FNF:32
FNH:32
FNDA:4,(anonymous_0)
FNDA:59,(anonymous_1)
FNDA:57,(anonymous_2)
FNDA:46,(anonymous_3)
FNDA:3,(anonymous_4)
FNDA:8,(anonymous_5)
FNDA:52,(anonymous_6)
FNDA:52,(anonymous_7)
FNDA:1,(anonymous_8)
FNDA:13,(anonymous_9)
FNDA:38,(anonymous_10)
FNDA:13,(anonymous_11)
FNDA:39,(anonymous_12)
FNDA:5,(anonymous_13)
FNDA:1,(anonymous_14)
FNDA:39,(anonymous_15)
FNDA:79,(anonymous_16)
FNDA:57,(anonymous_17)
FNDA:76,(anonymous_18)
FNDA:74,(anonymous_19)
FNDA:21,(anonymous_20)
FNDA:13,(anonymous_21)
FNDA:5,(anonymous_22)
FNDA:3,(anonymous_23)
FNDA:7,(anonymous_24)
FNDA:15,(anonymous_25)
FNDA:2,(anonymous_26)
FNDA:1,(anonymous_27)
FNDA:1,(anonymous_28)
FNDA:1,(anonymous_29)
FNDA:29,(anonymous_30)
FNDA:7,(anonymous_31)
DA:1,2
DA:29,2
DA:71,2
DA:73,4
DA:74,4
DA:75,4
DA:77,4
DA:78,4
DA:107,2
DA:108,59
DA:109,59
DA:110,59
DA:111,59
DA:112,59
DA:113,59
DA:114,59
DA:115,59
DA:116,59
DA:117,59
DA:118,59
DA:119,59
DA:120,59
DA:121,59
DA:124,59
DA:125,59
DA:127,59
DA:135,57
DA:138,57
DA:141,57
DA:143,3
DA:145,8
DA:147,46
DA:155,46
DA:156,46
DA:157,8
DA:158,8
DA:160,38
DA:161,38
DA:172,3
DA:174,3
DA:180,3
DA:181,2
DA:182,2
DA:183,2
DA:185,1
DA:191,2
DA:202,8
DA:203,2
DA:205,2
DA:206,1
DA:209,1
DA:216,6
DA:218,6
DA:219,6
DA:220,5
DA:221,5
DA:223,1
DA:224,1
DA:226,6
DA:234,52
DA:235,52
DA:236,1
DA:239,52
DA:241,13
DA:242,13
DA:245,38
DA:246,38
DA:255,13
DA:256,13
DA:257,13
DA:258,13
DA:259,13
DA:261,13
DA:266,13
DA:275,39
DA:276,39
DA:277,39
DA:278,39
DA:279,39
DA:281,39
DA:283,39
DA:289,39
DA:295,39
DA:296,12
DA:304,5
DA:307,5
DA:308,1
DA:309,1
DA:317,1
DA:320,1
DA:321,1
DA:328,79
DA:329,39
DA:336,57
DA:337,76
DA:344,74
DA:345,9
DA:346,9
DA:347,0
DA:348,0
DA:357,21
DA:359,20
DA:360,20
DA:361,20
DA:363,20
DA:369,20
DA:370,6
DA:371,6
DA:374,20
DA:376,13
DA:377,13
DA:378,13
DA:379,13
DA:380,13
DA:382,5
DA:383,5
DA:385,2
DA:386,2
DA:387,2
DA:388,2
DA:396,13
DA:397,5
DA:398,5
DA:407,3
DA:408,3
DA:410,0
DA:417,7
DA:435,15
DA:436,15
DA:443,2
DA:444,2
DA:451,1
DA:452,1
DA:459,1
DA:460,1
DA:467,1
DA:468,1
DA:469,1
DA:470,1
DA:471,1
DA:472,1
DA:473,1
DA:474,1
DA:475,1
DA:476,1
DA:477,1
DA:478,1
DA:479,1
DA:480,1
DA:481,0
DA:482,0
DA:490,29
DA:491,7
DA:492,7
DA:501,7
DA:502,6
DA:503,6
DA:506,6
DA:507,1
DA:511,5
DA:512,2
DA:519,3
DA:522,1
LF:163
LH:158
BRDA:125,0,0,1
BRDA:141,1,0,3
BRDA:141,1,1,8
BRDA:141,1,2,46
BRDA:180,2,0,2
BRDA:180,2,1,1
BRDA:186,3,0,1
BRDA:186,3,1,0
BRDA:202,4,0,2
BRDA:202,4,1,6
BRDA:205,5,0,1
BRDA:205,5,1,1
BRDA:281,6,0,39
BRDA:281,6,1,0
BRDA:295,7,0,12
BRDA:295,7,1,27
BRDA:307,8,0,1
BRDA:307,8,1,4
BRDA:344,9,0,9
BRDA:344,9,1,65
BRDA:344,10,0,74
BRDA:344,10,1,9
BRDA:346,11,0,0
BRDA:346,11,1,9
BRDA:357,12,0,1
BRDA:357,12,1,20
BRDA:369,13,0,6
BRDA:369,13,1,14
BRDA:374,14,0,13
BRDA:374,14,1,5
BRDA:374,14,2,2
BRDA:397,15,0,5
BRDA:397,15,1,0
BRDA:407,16,0,3
BRDA:407,16,1,0
BRDA:480,17,0,0
BRDA:480,17,1,1
BRDA:490,18,0,7
BRDA:490,18,1,22
BRDA:501,19,0,6
BRDA:501,19,1,1
BRDA:503,20,0,6
BRDA:503,20,1,2
BRDA:506,21,0,1
BRDA:506,21,1,5
BRDA:506,22,0,6
BRDA:506,22,1,5
BRDA:511,23,0,2
BRDA:511,23,1,3
BRDA:511,24,0,5
BRDA:511,24,1,4
BRDA:511,24,2,3
BRDA:511,24,3,3
BRF:53
BRH:47
end_of_record
TN:
SF:src/providers/googleProvider.ts
FN:9,(anonymous_1)
FN:17,(anonymous_2)
FN:50,(anonymous_3)
FN:59,(anonymous_4)
FN:60,(anonymous_5)
FN:66,(anonymous_6)
FN:91,(anonymous_7)
FNF:7
FNH:7
FNDA:16,(anonymous_1)
FNDA:3,(anonymous_2)
FNDA:3,(anonymous_3)
FNDA:3,(anonymous_4)
FNDA:3,(anonymous_5)
FNDA:2,(anonymous_6)
FNDA:2,(anonymous_7)
DA:1,2
DA:3,2
DA:5,2
DA:10,16
DA:11,16
DA:18,3
DA:19,3
DA:20,3
DA:30,3
DA:32,3
DA:37,2
DA:40,1
DA:46,1
DA:51,3
DA:56,3
DA:60,3
DA:67,2
DA:68,2
DA:70,2
DA:92,2
DA:94,2
DA:95,1
DA:97,1
DA:98,1
LF:24
LH:24
BRDA:23,0,0,3
BRDA:23,0,1,3
BRDA:43,1,0,1
BRDA:43,1,1,0
BRDA:46,2,0,1
BRDA:46,2,1,0
BRDA:56,3,0,3
BRDA:56,3,1,0
BRDA:61,4,0,0
BRDA:61,4,1,3
BRDA:68,5,0,2
BRDA:68,5,1,0
BRDA:71,6,0,2
BRDA:71,6,1,2
BRDA:81,7,0,2
BRDA:81,7,1,2
BRDA:84,8,0,2
BRDA:84,8,1,0
BRDA:85,9,0,2
BRDA:85,9,1,0
BRDA:86,10,0,2
BRDA:86,10,1,2
BRF:22
BRH:15
end_of_record
TN:
SF:src/providers/openaiProvider.ts
FN:9,(anonymous_1)
FN:21,(anonymous_2)
FN:48,(anonymous_3)
FN:59,(anonymous_4)
FNF:4
FNH:4
FNDA:16,(anonymous_1)
FNDA:3,(anonymous_2)
FNDA:3,(anonymous_3)
FNDA:2,(anonymous_4)
DA:1,2
DA:3,2
DA:5,2
DA:10,16
DA:11,16
DA:22,3
DA:23,3
DA:31,3
DA:33,3
DA:35,1
DA:38,2
DA:44,2
DA:50,3
DA:56,3
DA:60,2
DA:61,2
DA:62,1
DA:64,1
DA:65,1
LF:19
LH:19
BRDA:26,0,0,3
BRDA:26,0,1,2
BRDA:41,1,0,2
BRDA:41,1,1,1
BRDA:44,2,0,2
BRDA:44,2,1,1
BRDA:56,3,0,3
BRDA:56,3,1,3
BRF:8
BRH:8
end_of_record
TN:
SF:src/providers/providerManager.ts
FN:22,(anonymous_0)
FN:26,(anonymous_1)
FN:50,(anonymous_2)
FN:77,(anonymous_3)
FN:96,(anonymous_4)
FN:103,(anonymous_5)
FN:130,(anonymous_6)
FN:136,(anonymous_7)
FN:166,(anonymous_8)
FN:197,(anonymous_9)
FN:205,(anonymous_10)
FN:219,(anonymous_11)
FN:223,(anonymous_12)
FN:227,(anonymous_13)
FN:231,(anonymous_14)
FN:243,(anonymous_15)
FN:256,(anonymous_16)
FN:263,(anonymous_17)
FN:273,(anonymous_18)
FN:283,(anonymous_19)
FN:293,(anonymous_20)
FNF:21
FNH:9
FNDA:14,(anonymous_0)
FNDA:14,(anonymous_1)
FNDA:1,(anonymous_2)
FNDA:1,(anonymous_3)
FNDA:0,(anonymous_4)
FNDA:0,(anonymous_5)
FNDA:0,(anonymous_6)
FNDA:0,(anonymous_7)
FNDA:0,(anonymous_8)
FNDA:0,(anonymous_9)
FNDA:1,(anonymous_10)
FNDA:4,(anonymous_11)
FNDA:7,(anonymous_12)
FNDA:5,(anonymous_13)
FNDA:2,(anonymous_14)
FNDA:0,(anonymous_15)
FNDA:0,(anonymous_16)
FNDA:0,(anonymous_17)
FNDA:0,(anonymous_18)
FNDA:0,(anonymous_19)
FNDA:0,(anonymous_20)
DA:2,1
DA:3,1
DA:4,1
DA:5,1
DA:6,1
DA:8,1
DA:9,14
DA:10,14
DA:11,14
DA:20,14
DA:23,14
DA:27,14
DA:30,14
DA:31,10
DA:32,10
DA:35,14
DA:36,10
DA:37,10
DA:40,14
DA:41,10
DA:42,10
DA:45,14
DA:51,1
DA:53,1
DA:54,0
DA:58,1
DA:59,1
DA:62,1
DA:63,0
DA:67,0
DA:70,1
DA:82,1
DA:83,1
DA:85,1
DA:86,1
DA:89,0
DA:91,0
DA:95,0
DA:96,0
DA:109,0
DA:115,0
DA:117,0
DA:124,0
DA:135,0
DA:136,0
DA:139,0
DA:140,0
DA:141,0
DA:144,0
DA:150,0
DA:152,0
DA:160,0
DA:167,0
DA:191,0
DA:198,0
DA:199,0
DA:206,1
DA:207,1
DA:208,1
DA:211,1
DA:212,1
DA:213,1
DA:214,1
DA:216,1
DA:220,4
DA:224,7
DA:228,5
DA:232,2
DA:233,1
DA:236,1
DA:237,1
DA:244,0
DA:246,0
DA:247,0
DA:250,0
DA:257,0
DA:264,0
DA:265,0
DA:266,0
DA:274,0
DA:275,0
DA:276,0
DA:284,0
DA:285,0
DA:286,0
DA:294,0
DA:295,0
DA:297,0
LF:88
LH:47
BRDA:27,0,0,14
BRDA:27,0,1,14
BRDA:30,1,0,10
BRDA:30,1,1,4
BRDA:35,2,0,10
BRDA:35,2,1,4
BRDA:40,3,0,10
BRDA:40,3,1,4
BRDA:53,4,0,0
BRDA:53,4,1,1
BRDA:62,5,0,0
BRDA:62,5,1,1
BRDA:62,6,0,1
BRDA:62,6,1,1
BRDA:64,7,0,0
BRDA:64,7,1,0
BRDA:85,8,0,1
BRDA:85,8,1,0
BRDA:89,9,0,0
BRDA:89,9,1,0
BRDA:136,10,0,0
BRDA:136,10,1,0
BRDA:136,10,2,0
BRDA:153,11,0,0
BRDA:153,11,1,0
BRDA:191,12,0,0
BRDA:191,12,1,0
BRDA:199,13,0,0
BRDA:199,13,1,0
BRDA:206,14,0,1
BRDA:206,14,1,0
BRDA:208,15,0,1
BRDA:208,15,1,1
BRDA:211,16,0,0
BRDA:211,16,1,1
BRDA:212,17,0,0
BRDA:212,17,1,1
BRDA:213,18,0,0
BRDA:213,18,1,1
BRDA:214,19,0,0
BRDA:214,19,1,1
BRDA:232,20,0,1
BRDA:232,20,1,1
BRDA:265,21,0,0
BRDA:265,21,1,0
BRDA:275,22,0,0
BRDA:275,22,1,0
BRDA:285,23,0,0
BRDA:285,23,1,0
BRF:49
BRH:22
end_of_record
TN:
SF:src/routing/promptProcessor.ts
FN:5,(anonymous_0)
FN:50,(anonymous_1)
FN:65,(anonymous_2)
FN:87,(anonymous_3)
FN:96,(anonymous_4)
FN:107,(anonymous_5)
FN:119,(anonymous_6)
FN:120,(anonymous_7)
FN:124,(anonymous_8)
FN:125,(anonymous_9)
FN:167,(anonymous_10)
FNF:11
FNH:11
FNDA:43,(anonymous_0)
FNDA:43,(anonymous_1)
FNDA:43,(anonymous_2)
FNDA:432,(anonymous_3)
FNDA:384,(anonymous_4)
FNDA:86,(anonymous_5)
FNDA:96,(anonymous_6)
FNDA:726,(anonymous_7)
FNDA:43,(anonymous_8)
FNDA:48,(anonymous_9)
FNDA:43,(anonymous_10)
DA:2,3
DA:4,3
DA:6,43
DA:8,43
DA:10,43
DA:13,43
DA:16,43
DA:19,43
DA:22,43
DA:24,43
DA:32,43
DA:33,43
DA:35,43
DA:38,0
DA:40,0
DA:52,43
DA:54,43
DA:56,48
DA:59,48
DA:62,43
DA:66,43
DA:67,43
DA:69,43
DA:70,48
DA:73,48
DA:74,48
DA:75,48
DA:78,48
DA:79,48
DA:80,48
DA:81,48
DA:82,48
DA:83,48
DA:86,48
DA:87,48
DA:88,432
DA:90,48
DA:91,48
DA:92,48
DA:95,48
DA:96,48
DA:97,384
DA:99,48
DA:100,48
DA:101,48
DA:104,43
DA:108,86
DA:119,86
DA:120,726
DA:125,48
DA:128,43
DA:133,3
DA:137,40
DA:143,10
DA:147,30
DA:152,4
DA:156,26
DA:161,9
DA:164,17
DA:169,43
DA:172,43
DA:173,43
DA:176,43
DA:178,43
LF:64
LH:62
BRDA:80,0,0,48
BRDA:80,0,1,0
BRDA:88,1,0,3
BRDA:88,1,1,429
BRDA:97,2,0,16
BRDA:97,2,1,368
BRDA:104,3,0,42
BRDA:104,3,1,1
BRDA:128,4,0,3
BRDA:128,4,1,40
BRDA:128,5,0,43
BRDA:128,5,1,40
BRDA:128,5,2,40
BRDA:128,5,3,40
BRDA:128,5,4,40
BRDA:137,6,0,10
BRDA:137,6,1,30
BRDA:137,7,0,40
BRDA:137,7,1,35
BRDA:137,7,2,34
BRDA:137,7,3,34
BRDA:137,7,4,32
BRDA:137,7,5,30
BRDA:147,8,0,4
BRDA:147,8,1,26
BRDA:147,9,0,30
BRDA:147,9,1,26
BRDA:147,9,2,26
BRDA:147,9,3,26
BRDA:147,9,4,26
BRDA:156,10,0,9
BRDA:156,10,1,17
BRDA:156,11,0,26
BRDA:156,11,1,17
BRDA:156,11,2,17
BRDA:156,11,3,17
BRDA:156,11,4,17
BRDA:172,12,0,3
BRDA:172,12,1,40
BRDA:173,13,0,26
BRDA:173,13,1,17
BRDA:176,14,0,0
BRDA:176,14,1,43
BRF:43
BRH:41
end_of_record
TN:
SF:src/routing/router.ts
FN:17,(anonymous_0)
FN:25,(anonymous_1)
FN:103,(anonymous_2)
FN:118,(anonymous_3)
FN:126,(anonymous_4)
FNF:5
FNH:5
FNDA:13,(anonymous_0)
FNDA:27,(anonymous_1)
FNDA:27,(anonymous_2)
FNDA:26,(anonymous_3)
FNDA:26,(anonymous_4)
DA:3,7
DA:4,7
DA:5,7
DA:6,7
DA:7,7
DA:8,7
DA:10,7
DA:18,13
DA:19,13
DA:20,13
DA:21,13
DA:22,13
DA:26,27
DA:27,27
DA:29,27
DA:30,27
DA:33,27
DA:34,26
DA:40,26
DA:41,26
DA:42,1
DA:43,1
DA:44,1
DA:45,1
DA:49,25
DA:52,25
DA:55,25
DA:58,23
DA:61,23
DA:62,23
DA:64,23
DA:65,23
DA:72,23
DA:75,3
DA:76,3
DA:83,3
DA:84,3
DA:85,3
DA:87,2
DA:88,2
DA:90,2
DA:92,1
DA:93,1
DA:105,27
DA:106,1
DA:109,26
DA:119,26
DA:133,26
DA:163,26
DA:167,7
LF:50
LH:50
BRDA:41,0,0,1
BRDA:41,0,1,25
BRDA:41,1,0,26
BRDA:41,1,1,1
BRDA:79,2,0,3
BRDA:79,2,1,0
BRDA:105,3,0,1
BRDA:105,3,1,26
BRDA:105,4,0,27
BRDA:105,4,1,26
BRDA:112,5,0,26
BRDA:112,5,1,24
BRDA:114,6,0,26
BRDA:114,6,1,26
BRDA:136,7,0,3
BRDA:136,7,1,23
BRDA:137,8,0,3
BRDA:137,8,1,23
BRDA:138,9,0,3
BRDA:138,9,1,23
BRDA:139,10,0,26
BRDA:139,10,1,2
BRDA:157,11,0,26
BRDA:157,11,1,1
BRDA:158,12,0,26
BRDA:158,12,1,1
BRF:26
BRH:25
end_of_record
TN:
SF:src/routing/routingEngine.ts
FN:25,(anonymous_0)
FN:82,(anonymous_1)
FN:153,(anonymous_2)
FN:174,(anonymous_3)
FN:208,(anonymous_4)
FN:231,(anonymous_5)
FN:301,(anonymous_6)
FN:308,(anonymous_7)
FN:319,(anonymous_8)
FN:326,(anonymous_9)
FN:340,(anonymous_10)
FN:367,(anonymous_11)
FN:382,(anonymous_12)
FN:386,(anonymous_13)
FN:392,(anonymous_14)
FNF:15
FNH:11
FNDA:60,(anonymous_0)
FNDA:55,(anonymous_1)
FNDA:55,(anonymous_2)
FNDA:77,(anonymous_3)
FNDA:22,(anonymous_4)
FNDA:0,(anonymous_5)
FNDA:0,(anonymous_6)
FNDA:114,(anonymous_7)
FNDA:60,(anonymous_8)
FNDA:3,(anonymous_9)
FNDA:4,(anonymous_10)
FNDA:3,(anonymous_11)
FNDA:0,(anonymous_12)
FNDA:0,(anonymous_13)
FNDA:1,(anonymous_14)
DA:2,4
DA:11,4
DA:12,34
DA:21,34
DA:22,34
DA:23,34
DA:26,60
DA:28,60
DA:30,60
DA:31,4
DA:32,4
DA:33,4
DA:37,56
DA:38,2
DA:39,2
DA:43,54
DA:45,54
DA:46,54
DA:54,54
DA:66,0
DA:67,0
DA:83,55
DA:86,55
DA:87,55
DA:89,55
DA:95,55
DA:97,21
DA:106,34
DA:107,22
DA:108,22
DA:110,22
DA:116,22
DA:117,22
DA:126,12
DA:127,0
DA:128,0
DA:130,0
DA:135,0
DA:142,12
DA:155,55
DA:156,6
DA:160,49
DA:161,38
DA:162,11
DA:163,2
DA:164,9
DA:165,8
DA:167,1
DA:175,77
DA:178,77
DA:180,39
DA:181,13
DA:183,39
DA:185,25
DA:187,2
DA:189,25
DA:191,13
DA:192,7
DA:194,13
DA:198,77
DA:199,42
DA:202,77
DA:209,22
DA:210,22
DA:213,22
DA:214,0
DA:218,22
DA:219,22
DA:222,22
DA:233,0
DA:242,0
DA:243,0
DA:244,0
DA:245,0
DA:246,0
DA:248,0
DA:252,0
DA:253,0
DA:254,0
DA:255,0
DA:256,0
DA:257,0
DA:258,0
DA:259,0
DA:261,0
DA:265,0
DA:267,0
DA:268,0
DA:270,0
DA:271,0
DA:273,0
DA:274,0
DA:275,0
DA:277,0
DA:278,0
DA:280,0
DA:281,0
DA:285,0
DA:286,0
DA:290,0
DA:291,0
DA:293,0
DA:294,0
DA:295,0
DA:296,0
DA:301,0
DA:302,0
DA:303,0
DA:305,0
DA:309,114
DA:310,114
DA:311,0
DA:316,114
DA:320,60
DA:321,37
DA:322,0
DA:323,0
DA:327,3
DA:328,3
DA:341,4
DA:342,4
DA:344,4
DA:347,4
DA:348,1
DA:349,1
DA:350,1
DA:353,3
DA:355,3
DA:368,3
DA:370,3
DA:383,0
DA:387,0
DA:388,0
DA:393,1
LF:134
LH:81
BRDA:30,0,0,4
BRDA:30,0,1,56
BRDA:37,1,0,2
BRDA:37,1,1,54
BRDA:95,2,0,21
BRDA:95,2,1,34
BRDA:106,3,0,22
BRDA:106,3,1,12
BRDA:116,4,0,22
BRDA:116,4,1,0
BRDA:126,5,0,0
BRDA:126,5,1,12
BRDA:155,6,0,6
BRDA:155,6,1,49
BRDA:160,7,0,38
BRDA:160,7,1,11
BRDA:162,8,0,2
BRDA:162,8,1,9
BRDA:163,9,0,1
BRDA:163,9,1,1
BRDA:164,10,0,8
BRDA:164,10,1,1
BRDA:178,11,0,39
BRDA:178,11,1,25
BRDA:178,11,2,13
BRDA:180,12,0,13
BRDA:180,12,1,26
BRDA:180,13,0,39
BRDA:180,13,1,38
BRDA:185,14,0,2
BRDA:185,14,1,23
BRDA:185,15,0,25
BRDA:185,15,1,10
BRDA:185,15,2,10
BRDA:191,16,0,7
BRDA:191,16,1,6
BRDA:191,17,0,13
BRDA:191,17,1,7
BRDA:198,18,0,42
BRDA:198,18,1,35
BRDA:213,19,0,0
BRDA:213,19,1,22
BRDA:213,20,0,22
BRDA:213,20,1,22
BRDA:242,21,0,0
BRDA:242,21,1,0
BRDA:244,22,0,0
BRDA:244,22,1,0
BRDA:252,23,0,0
BRDA:252,23,1,0
BRDA:254,24,0,0
BRDA:254,24,1,0
BRDA:257,25,0,0
BRDA:257,25,1,0
BRDA:265,26,0,0
BRDA:265,26,1,0
BRDA:265,26,2,0
BRDA:265,26,3,0
BRDA:265,26,4,0
BRDA:285,27,0,0
BRDA:285,27,1,0
BRDA:294,28,0,0
BRDA:294,28,1,0
BRDA:294,29,0,0
BRDA:294,29,1,0
BRDA:294,29,2,0
BRDA:302,30,0,0
BRDA:302,30,1,0
BRDA:310,31,0,0
BRDA:310,31,1,114
BRDA:310,32,0,114
BRDA:310,32,1,114
BRDA:320,33,0,23
BRDA:320,33,1,37
BRDA:320,34,0,60
BRDA:320,34,1,37
BRDA:321,35,0,37
BRDA:321,35,1,0
BRDA:321,36,0,37
BRDA:321,36,1,0
BRDA:322,37,0,0
BRDA:322,37,1,0
BRDA:322,38,0,0
BRDA:322,38,1,0
BRDA:342,39,0,4
BRDA:342,39,1,1
BRDA:347,40,0,1
BRDA:347,40,1,3
BRF:88
BRH:54
end_of_record
